<?xml version="1.0" encoding="UTF-8"?>
<!-- Generated by org.testng.reporters.JUnitXMLReporter -->
<testsuite ignored="0" hostname="EPINCHEW0001" failures="0" tests="10" name="Default test" time="0.114" errors="0" timestamp="2022-08-16T13:33:57 IST">
  <testcase classname="org.hometask.testng.TestNG" name="addition" time="0.009"/>
  <testcase classname="org.hometask.testng.TestNG" name="divNegative" time="0.002"/>
  <testcase classname="org.hometask.testng.TestNG" name="divison" time="0.003"/>
  <testcase classname="org.hometask.testng.TestNG" name="isNegative" time="0.001"/>
  <testcase classname="org.hometask.testng.TestNG" name="isPositive" time="0.002"/>
  <testcase classname="org.hometask.testng.TestNG" name="multiplication" time="0.001"/>
  <testcase classname="org.hometask.testng.TestNG" name="pow" time="0.002"/>
  <testcase classname="org.hometask.testng.TestNG" name="sqrt" time="0.001"/>
  <testcase classname="org.hometask.testng.TestNG" name="substraction" time="0.002"/>
  <testcase classname="org.hometask.testng.TestNG" name="subtract" time="0.002"/>
</testsuite> <!-- Default test -->
