<?xml version="1.0" encoding="UTF-8"?>
<!-- Generated by org.testng.reporters.JUnitXMLReporter -->
<testsuite ignored="5" hostname="EPINCHEW0001" failures="0" tests="5" name=" Tests" time="0.075" errors="0" timestamp="2022-08-16T13:15:47 IST">
  <testcase classname="org.hometask.testng.TestNG" name="addition" time="0.006"/>
  <testcase classname="org.hometask.testng.TestNG" name="divison" time="0.001"/>
  <testcase classname="org.hometask.testng.TestNG" name="multiplication" time="0.002"/>
  <testcase classname="org.hometask.testng.TestNG" name="pow" time="0.002"/>
  <testcase classname="org.hometask.testng.TestNG" name="substraction" time="0.001"/>
  <testcase classname="org.hometask.testng.TestNG" name="isPositive" time="0.0">
    <ignored/>
  </testcase> <!-- isPositive -->
  <testcase classname="org.hometask.testng.TestNG" name="divNegative" time="0.0">
    <ignored/>
  </testcase> <!-- divNegative -->
  <testcase classname="org.hometask.testng.TestNG" name="isNegative" time="0.0">
    <ignored/>
  </testcase> <!-- isNegative -->
  <testcase classname="org.hometask.testng.TestNG" name="subtract" time="0.0">
    <ignored/>
  </testcase> <!-- subtract -->
  <testcase classname="org.hometask.testng.TestNG" name="sqrt" time="0.0">
    <ignored/>
  </testcase> <!-- sqrt -->
</testsuite> <!--  Tests -->
